<?xml version="1.0" encoding="UTF-8"?>
<!-- Generated by org.testng.reporters.JUnitReportReporter -->
<testsuite hostname="mindc1d373" failures="0" tests="1" name="Com.Mindtree.Project.LstOne.TEstcase1" time="4.507" errors="0" timestamp="2022-05-24T19:24:25 IST" skipped="0">
  <testcase classname="Com.Mindtree.Project.LstOne.TEstcase1" name="Test1" time="4.507"/>
  <system-out/>
</testsuite> <!-- Com.Mindtree.Project.LstOne.TEstcase1 -->
